<?xml version="1.0" encoding="UTF-8"?>
<testng-results skipped="0" failed="0" total="10" passed="10">
  <reporter-output>
  </reporter-output>
  <suite name="IMDB Regression" duration-ms="103383" started-at="2015-01-30T03:42:12Z" finished-at="2015-01-30T03:43:55Z">
    <groups>
    </groups>
    <test name="Execute Regression test cases" duration-ms="103383" started-at="2015-01-30T03:42:12Z" finished-at="2015-01-30T03:43:55Z">
      <class name="testscript.Summary_Search">
        <test-method status="PASS" signature="setUp()[pri:0, instance:testscript.Summary_Search@17d99928]" name="setUp" is-config="true" duration-ms="54899" started-at="2015-01-30T09:12:12Z" finished-at="2015-01-30T09:13:07Z">
          <reporter-output>
          </reporter-output>
        </test-method> <!-- setUp -->
        <test-method status="PASS" signature="search_All()[pri:0, instance:testscript.Summary_Search@17d99928]" name="search_All" duration-ms="5308" started-at="2015-01-30T09:13:07Z" finished-at="2015-01-30T09:13:12Z">
          <reporter-output>
          </reporter-output>
        </test-method> <!-- search_All -->
        <test-method status="PASS" signature="search_Bios()[pri:0, instance:testscript.Summary_Search@17d99928]" name="search_Bios" duration-ms="5429" started-at="2015-01-30T09:13:12Z" finished-at="2015-01-30T09:13:18Z">
          <reporter-output>
          </reporter-output>
        </test-method> <!-- search_Bios -->
        <test-method status="PASS" signature="search_Characters()[pri:0, instance:testscript.Summary_Search@17d99928]" name="search_Characters" duration-ms="3962" started-at="2015-01-30T09:13:18Z" finished-at="2015-01-30T09:13:22Z">
          <reporter-output>
          </reporter-output>
        </test-method> <!-- search_Characters -->
        <test-method status="PASS" signature="search_Companies()[pri:0, instance:testscript.Summary_Search@17d99928]" name="search_Companies" duration-ms="3073" started-at="2015-01-30T09:13:22Z" finished-at="2015-01-30T09:13:25Z">
          <reporter-output>
          </reporter-output>
        </test-method> <!-- search_Companies -->
        <test-method status="PASS" signature="search_Keywords()[pri:0, instance:testscript.Summary_Search@17d99928]" name="search_Keywords" duration-ms="3229" started-at="2015-01-30T09:13:25Z" finished-at="2015-01-30T09:13:28Z">
          <reporter-output>
          </reporter-output>
        </test-method> <!-- search_Keywords -->
        <test-method status="PASS" signature="search_Names()[pri:0, instance:testscript.Summary_Search@17d99928]" name="search_Names" duration-ms="4762" started-at="2015-01-30T09:13:28Z" finished-at="2015-01-30T09:13:33Z">
          <reporter-output>
          </reporter-output>
        </test-method> <!-- search_Names -->
        <test-method status="PASS" signature="search_Plots()[pri:0, instance:testscript.Summary_Search@17d99928]" name="search_Plots" duration-ms="3713" started-at="2015-01-30T09:13:33Z" finished-at="2015-01-30T09:13:36Z">
          <reporter-output>
          </reporter-output>
        </test-method> <!-- search_Plots -->
        <test-method status="PASS" signature="search_Quotes()[pri:0, instance:testscript.Summary_Search@17d99928]" name="search_Quotes" duration-ms="5090" started-at="2015-01-30T09:13:36Z" finished-at="2015-01-30T09:13:41Z">
          <reporter-output>
          </reporter-output>
        </test-method> <!-- search_Quotes -->
        <test-method status="PASS" signature="search_TVEpisodes()[pri:0, instance:testscript.Summary_Search@17d99928]" name="search_TVEpisodes" duration-ms="9987" started-at="2015-01-30T09:13:41Z" finished-at="2015-01-30T09:13:51Z">
          <reporter-output>
          </reporter-output>
        </test-method> <!-- search_TVEpisodes -->
        <test-method status="PASS" signature="search_Titles()[pri:0, instance:testscript.Summary_Search@17d99928]" name="search_Titles" duration-ms="3853" started-at="2015-01-30T09:13:51Z" finished-at="2015-01-30T09:13:55Z">
          <reporter-output>
          </reporter-output>
        </test-method> <!-- search_Titles -->
      </class> <!-- testscript.Summary_Search -->
    </test> <!-- Execute Regression test cases -->
  </suite> <!-- IMDB Regression -->
</testng-results>
