<?xml version="1.0" encoding="UTF-8"?>
<!-- Generated by org.testng.reporters.JUnitXMLReporter -->
<testsuite hostname="admin-PC" name="Execute Regression test cases" tests="10" failures="0" timestamp="30 Jan 2015 03:43:55 GMT" time="103.383" errors="0">
  <testcase name="search_All" time="5.308" classname="testscript.Summary_Search"/>
  <testcase name="search_Bios" time="5.429" classname="testscript.Summary_Search"/>
  <testcase name="search_Characters" time="3.962" classname="testscript.Summary_Search"/>
  <testcase name="search_Companies" time="3.073" classname="testscript.Summary_Search"/>
  <testcase name="search_Keywords" time="3.229" classname="testscript.Summary_Search"/>
  <testcase name="search_Names" time="4.762" classname="testscript.Summary_Search"/>
  <testcase name="search_Plots" time="3.713" classname="testscript.Summary_Search"/>
  <testcase name="search_Quotes" time="5.09" classname="testscript.Summary_Search"/>
  <testcase name="search_TVEpisodes" time="9.987" classname="testscript.Summary_Search"/>
  <testcase name="search_Titles" time="3.853" classname="testscript.Summary_Search"/>
</testsuite> <!-- Execute Regression test cases -->
